{
  "stats": {
    "suites": 1,
    "tests": 1,
    "passes": 1,
    "pending": 0,
    "failures": 0,
    "start": "2020-10-25T12:22:58.737Z",
    "end": "2020-10-25T12:23:02.110Z",
    "duration": 3373,
    "testsRegistered": 1,
    "passPercent": 100,
    "pendingPercent": 0,
    "other": 0,
    "hasOther": false,
    "skipped": 0,
    "hasSkipped": false
  },
  "results": [
    {
      "uuid": "aa258790-2468-45c4-bdb9-efb9076a67a7",
      "title": "",
      "fullFile": "cypress/integration/examples/AccessibilityHomePageFooter_wcag2a.js",
      "file": "cypress/integration/examples/AccessibilityHomePageFooter_wcag2a.js",
      "beforeHooks": [],
      "afterHooks": [],
      "tests": [],
      "suites": [
        {
          "uuid": "f2cf89e7-9396-4c94-bde5-87e555e60745",
          "title": "Component accessibility test HomePage Footer wcag2a",
          "fullFile": "",
          "file": "",
          "beforeHooks": [],
          "afterHooks": [],
          "tests": [
            {
              "title": "HomePage",
              "fullTitle": "Component accessibility test HomePage Footer wcag2a HomePage",
              "timedOut": null,
              "duration": 3337,
              "state": "passed",
              "speed": "slow",
              "pass": true,
              "fail": false,
              "pending": false,
              "context": null,
              "code": "cy.disableCookiewall('.kindertelefoon.nl');\ncy.visit(route);\ncy.injectAxe();\ncy.get('.container-fluid > .justify-content-center').each(function (element, index) {\n  cy.checkA11y('.container-fluid > .justify-content-center', A11Y_OPTIONS);\n});",
              "err": {},
              "uuid": "b3e62afb-d9ff-4d8f-91a4-db2e40eb7e65",
              "parentUUID": "f2cf89e7-9396-4c94-bde5-87e555e60745",
              "isHook": false,
              "skipped": false
            }
          ],
          "suites": [],
          "passes": [
            "b3e62afb-d9ff-4d8f-91a4-db2e40eb7e65"
          ],
          "failures": [],
          "pending": [],
          "skipped": [],
          "duration": 3337,
          "root": false,
          "rootEmpty": false,
          "_timeout": 2000
        }
      ],
      "passes": [],
      "failures": [],
      "pending": [],
      "skipped": [],
      "duration": 0,
      "root": true,
      "rootEmpty": true,
      "_timeout": 2000
    }
  ],
  "meta": {
    "mocha": {
      "version": "7.0.1"
    },
    "mochawesome": {
      "options": {
        "quiet": false,
        "reportFilename": "mochawesome",
        "saveHtml": false,
        "saveJson": true,
        "consoleReporter": "spec",
        "useInlineDiffs": false,
        "code": true
      },
      "version": "6.1.1"
    },
    "marge": {
      "options": {
        "id": "default",
        "reportDir": "cypress/reports/mocha",
        "quite": true,
        "overwrite": false,
        "html": false,
        "json": true
      },
      "version": "5.1.0"
    }
  }
}