{
  "stats": {
    "suites": 12,
    "tests": 12,
    "passes": 4,
    "pending": 0,
    "failures": 8,
    "start": "2020-10-25T13:14:34.274Z",
    "end": "2020-10-25T13:15:41.299Z",
    "duration": 36738,
    "testsRegistered": 12,
    "passPercent": 33.333333333333336,
    "pendingPercent": 0,
    "other": 0,
    "hasOther": false,
    "skipped": 0,
    "hasSkipped": false
  },
  "results": [
    {
      "uuid": "bf9ddba9-b763-4890-a90e-108e02ec9e44",
      "title": "",
      "fullFile": "cypress/integration/examples/AccessibilityChatPage_wcag2a.js",
      "file": "cypress/integration/examples/AccessibilityChatPage_wcag2a.js",
      "beforeHooks": [],
      "afterHooks": [],
      "tests": [],
      "suites": [
        {
          "uuid": "0414cfd5-c7bf-4a0c-94ad-147a4e6d1aaf",
          "title": "Component accessibility test ChatPage wcag2a",
          "fullFile": "",
          "file": "",
          "beforeHooks": [],
          "afterHooks": [],
          "tests": [
            {
              "title": "HomePage",
              "fullTitle": "Component accessibility test ChatPage wcag2a HomePage",
              "timedOut": null,
              "duration": 3669,
              "state": "failed",
              "speed": null,
              "pass": false,
              "fail": true,
              "pending": false,
              "context": null,
              "code": "cy.disableCookiewall('.kindertelefoon.nl');\ncy.visit(route);\ncy.viewport(1280, 1024);\ncy.injectAxe();\ncy.checkAccessibility(A11Y_OPTIONS);",
              "err": {
                "message": "AssertionError: 9 accessibility violations were detected: expected 9 to equal 0",
                "estack": "AssertionError: 9 accessibility violations were detected: expected 9 to equal 0\n    at Context.eval (https://www.kindertelefoon.nl/__cypress/tests?p=cypress/support/index.js:231:443712)",
                "diff": null
              },
              "uuid": "5bf736e0-e1d3-4fa5-9dba-9812c61613ba",
              "parentUUID": "0414cfd5-c7bf-4a0c-94ad-147a4e6d1aaf",
              "isHook": false,
              "skipped": false
            }
          ],
          "suites": [],
          "passes": [],
          "failures": [
            "5bf736e0-e1d3-4fa5-9dba-9812c61613ba"
          ],
          "pending": [],
          "skipped": [],
          "duration": 3669,
          "root": false,
          "rootEmpty": false,
          "_timeout": 2000
        }
      ],
      "passes": [],
      "failures": [],
      "pending": [],
      "skipped": [],
      "duration": 0,
      "root": true,
      "rootEmpty": true,
      "_timeout": 2000
    },
    {
      "uuid": "fb61878c-c274-4cfb-8b59-2543b49c28f7",
      "title": "",
      "fullFile": "cypress/integration/examples/AccessibilityChatPage_wcag2aa.js",
      "file": "cypress/integration/examples/AccessibilityChatPage_wcag2aa.js",
      "beforeHooks": [],
      "afterHooks": [],
      "tests": [],
      "suites": [
        {
          "uuid": "bb937569-e438-4653-a209-970f9363bb94",
          "title": "Component accessibility test ChatPage wcag2aa",
          "fullFile": "",
          "file": "",
          "beforeHooks": [],
          "afterHooks": [],
          "tests": [
            {
              "title": "HomePage",
              "fullTitle": "Component accessibility test ChatPage wcag2aa HomePage",
              "timedOut": null,
              "duration": 3451,
              "state": "failed",
              "speed": null,
              "pass": false,
              "fail": true,
              "pending": false,
              "context": null,
              "code": "cy.disableCookiewall('.kindertelefoon.nl');\ncy.visit(route);\ncy.viewport(1280, 1024);\ncy.injectAxe();\ncy.checkAccessibility(A11Y_OPTIONS);",
              "err": {
                "message": "AssertionError: 9 accessibility violations were detected: expected 9 to equal 0",
                "estack": "AssertionError: 9 accessibility violations were detected: expected 9 to equal 0\n    at Context.eval (https://www.kindertelefoon.nl/__cypress/tests?p=cypress/support/index.js:231:443712)",
                "diff": null
              },
              "uuid": "4b25e626-d71f-4938-8bdd-7ed437ad5b48",
              "parentUUID": "bb937569-e438-4653-a209-970f9363bb94",
              "isHook": false,
              "skipped": false
            }
          ],
          "suites": [],
          "passes": [],
          "failures": [
            "4b25e626-d71f-4938-8bdd-7ed437ad5b48"
          ],
          "pending": [],
          "skipped": [],
          "duration": 3451,
          "root": false,
          "rootEmpty": false,
          "_timeout": 2000
        }
      ],
      "passes": [],
      "failures": [],
      "pending": [],
      "skipped": [],
      "duration": 0,
      "root": true,
      "rootEmpty": true,
      "_timeout": 2000
    },
    {
      "uuid": "abf00bc2-41ac-48be-b442-654f7529fa8c",
      "title": "",
      "fullFile": "cypress/integration/examples/AccessibilityForumPage_wcag2a.js",
      "file": "cypress/integration/examples/AccessibilityForumPage_wcag2a.js",
      "beforeHooks": [],
      "afterHooks": [],
      "tests": [],
      "suites": [
        {
          "uuid": "93b59e7f-7907-4379-81c1-2347e0ded588",
          "title": "Component accessibility test ForumPage wcag2a",
          "fullFile": "",
          "file": "",
          "beforeHooks": [],
          "afterHooks": [],
          "tests": [
            {
              "title": "HomePage",
              "fullTitle": "Component accessibility test ForumPage wcag2a HomePage",
              "timedOut": null,
              "duration": 2681,
              "state": "failed",
              "speed": null,
              "pass": false,
              "fail": true,
              "pending": false,
              "context": null,
              "code": "cy.disableCookiewall('.kindertelefoon.nl');\ncy.visit(route);\ncy.viewport(1280, 1024);\ncy.injectAxe();\ncy.checkAccessibility(A11Y_OPTIONS);",
              "err": {
                "message": "AssertionError: 8 accessibility violations were detected: expected 8 to equal 0",
                "estack": "AssertionError: 8 accessibility violations were detected: expected 8 to equal 0\n    at Context.eval (https://www.kindertelefoon.nl/__cypress/tests?p=cypress/support/index.js:231:443712)",
                "diff": null
              },
              "uuid": "2879c367-6699-495b-b0c7-93be687486b5",
              "parentUUID": "93b59e7f-7907-4379-81c1-2347e0ded588",
              "isHook": false,
              "skipped": false
            }
          ],
          "suites": [],
          "passes": [],
          "failures": [
            "2879c367-6699-495b-b0c7-93be687486b5"
          ],
          "pending": [],
          "skipped": [],
          "duration": 2681,
          "root": false,
          "rootEmpty": false,
          "_timeout": 2000
        }
      ],
      "passes": [],
      "failures": [],
      "pending": [],
      "skipped": [],
      "duration": 0,
      "root": true,
      "rootEmpty": true,
      "_timeout": 2000
    },
    {
      "uuid": "7eb86601-3f2b-4430-92e9-df194ec74a23",
      "title": "",
      "fullFile": "cypress/integration/examples/AccessibilityForumPage_wcag2aa.js",
      "file": "cypress/integration/examples/AccessibilityForumPage_wcag2aa.js",
      "beforeHooks": [],
      "afterHooks": [],
      "tests": [],
      "suites": [
        {
          "uuid": "8736dd1d-5a7b-4ca8-8ff7-55ab246872d4",
          "title": "Component accessibility test ForumPage wcag2aa",
          "fullFile": "",
          "file": "",
          "beforeHooks": [],
          "afterHooks": [],
          "tests": [
            {
              "title": "HomePage",
              "fullTitle": "Component accessibility test ForumPage wcag2aa HomePage",
              "timedOut": null,
              "duration": 2678,
              "state": "failed",
              "speed": null,
              "pass": false,
              "fail": true,
              "pending": false,
              "context": null,
              "code": "cy.disableCookiewall('.kindertelefoon.nl');\ncy.visit(route);\ncy.viewport(1280, 1024);\ncy.injectAxe();\ncy.checkAccessibility(A11Y_OPTIONS);",
              "err": {
                "message": "AssertionError: 8 accessibility violations were detected: expected 8 to equal 0",
                "estack": "AssertionError: 8 accessibility violations were detected: expected 8 to equal 0\n    at Context.eval (https://www.kindertelefoon.nl/__cypress/tests?p=cypress/support/index.js:231:443712)",
                "diff": null
              },
              "uuid": "2a96c6ad-78b6-4916-bfa4-9e93f63339d7",
              "parentUUID": "8736dd1d-5a7b-4ca8-8ff7-55ab246872d4",
              "isHook": false,
              "skipped": false
            }
          ],
          "suites": [],
          "passes": [],
          "failures": [
            "2a96c6ad-78b6-4916-bfa4-9e93f63339d7"
          ],
          "pending": [],
          "skipped": [],
          "duration": 2678,
          "root": false,
          "rootEmpty": false,
          "_timeout": 2000
        }
      ],
      "passes": [],
      "failures": [],
      "pending": [],
      "skipped": [],
      "duration": 0,
      "root": true,
      "rootEmpty": true,
      "_timeout": 2000
    },
    {
      "uuid": "86458bf4-30ff-4093-9fb3-141f9aa1ad9a",
      "title": "",
      "fullFile": "cypress/integration/examples/AccessibilityHomePage_wcag2a.js",
      "file": "cypress/integration/examples/AccessibilityHomePage_wcag2a.js",
      "beforeHooks": [],
      "afterHooks": [],
      "tests": [],
      "suites": [
        {
          "uuid": "d25504c9-4d3c-4e42-8ed5-1fddfdbea209",
          "title": "Component accessibility test HomePage wcag2a",
          "fullFile": "",
          "file": "",
          "beforeHooks": [],
          "afterHooks": [],
          "tests": [
            {
              "title": "HomePage",
              "fullTitle": "Component accessibility test HomePage wcag2a HomePage",
              "timedOut": null,
              "duration": 5205,
              "state": "failed",
              "speed": null,
              "pass": false,
              "fail": true,
              "pending": false,
              "context": null,
              "code": "cy.disableCookiewall('.kindertelefoon.nl');\ncy.visit(route);\ncy.injectAxe();\ncy.checkAccessibility(A11Y_OPTIONS);",
              "err": {
                "message": "AssertionError: 8 accessibility violations were detected: expected 8 to equal 0",
                "estack": "AssertionError: 8 accessibility violations were detected: expected 8 to equal 0\n    at Context.eval (https://www.kindertelefoon.nl/__cypress/tests?p=cypress/support/index.js:231:443712)",
                "diff": null
              },
              "uuid": "746da5d3-237a-44ee-9a76-77928b062448",
              "parentUUID": "d25504c9-4d3c-4e42-8ed5-1fddfdbea209",
              "isHook": false,
              "skipped": false
            }
          ],
          "suites": [],
          "passes": [],
          "failures": [
            "746da5d3-237a-44ee-9a76-77928b062448"
          ],
          "pending": [],
          "skipped": [],
          "duration": 5205,
          "root": false,
          "rootEmpty": false,
          "_timeout": 2000
        }
      ],
      "passes": [],
      "failures": [],
      "pending": [],
      "skipped": [],
      "duration": 0,
      "root": true,
      "rootEmpty": true,
      "_timeout": 2000
    },
    {
      "uuid": "86e5320b-be64-4824-ada2-b0207b54b9fd",
      "title": "",
      "fullFile": "cypress/integration/examples/AccessibilityHomePage_wcag2aa.js",
      "file": "cypress/integration/examples/AccessibilityHomePage_wcag2aa.js",
      "beforeHooks": [],
      "afterHooks": [],
      "tests": [],
      "suites": [
        {
          "uuid": "61dc16e6-d2d0-42e8-871c-fa2ee5133b6e",
          "title": "Component accessibility test HomePage wcag2aa",
          "fullFile": "",
          "file": "",
          "beforeHooks": [],
          "afterHooks": [],
          "tests": [
            {
              "title": "HomePage",
              "fullTitle": "Component accessibility test HomePage wcag2aa HomePage",
              "timedOut": null,
              "duration": 3894,
              "state": "failed",
              "speed": null,
              "pass": false,
              "fail": true,
              "pending": false,
              "context": null,
              "code": "cy.disableCookiewall('.kindertelefoon.nl');\ncy.visit(route);\ncy.injectAxe();\ncy.checkAccessibility(A11Y_OPTIONS);",
              "err": {
                "message": "AssertionError: 8 accessibility violations were detected: expected 8 to equal 0",
                "estack": "AssertionError: 8 accessibility violations were detected: expected 8 to equal 0\n    at Context.eval (https://www.kindertelefoon.nl/__cypress/tests?p=cypress/support/index.js:231:443712)",
                "diff": null
              },
              "uuid": "b231b65c-8fc2-472b-82ed-96f89b9c466f",
              "parentUUID": "61dc16e6-d2d0-42e8-871c-fa2ee5133b6e",
              "isHook": false,
              "skipped": false
            }
          ],
          "suites": [],
          "passes": [],
          "failures": [
            "b231b65c-8fc2-472b-82ed-96f89b9c466f"
          ],
          "pending": [],
          "skipped": [],
          "duration": 3894,
          "root": false,
          "rootEmpty": false,
          "_timeout": 2000
        }
      ],
      "passes": [],
      "failures": [],
      "pending": [],
      "skipped": [],
      "duration": 0,
      "root": true,
      "rootEmpty": true,
      "_timeout": 2000
    },
    {
      "uuid": "df309d9c-edc4-458f-b28c-60da5ed29995",
      "title": "",
      "fullFile": "cypress/integration/examples/AccessibilityHomePageFooter_wcag2a.js",
      "file": "cypress/integration/examples/AccessibilityHomePageFooter_wcag2a.js",
      "beforeHooks": [],
      "afterHooks": [],
      "tests": [],
      "suites": [
        {
          "uuid": "2c775c99-e0bb-412c-8368-94e89d0aa354",
          "title": "Component accessibility test HomePage Footer wcag2a",
          "fullFile": "",
          "file": "",
          "beforeHooks": [],
          "afterHooks": [],
          "tests": [
            {
              "title": "HomePage",
              "fullTitle": "Component accessibility test HomePage Footer wcag2a HomePage",
              "timedOut": null,
              "duration": 2706,
              "state": "passed",
              "speed": "slow",
              "pass": true,
              "fail": false,
              "pending": false,
              "context": null,
              "code": "cy.disableCookiewall('.kindertelefoon.nl');\ncy.visit(route);\ncy.injectAxe();\ncy.get('.container-fluid > .justify-content-center').each(function (element, index) {\n  cy.checkA11y('.container-fluid > .justify-content-center', A11Y_OPTIONS);\n});",
              "err": {},
              "uuid": "0bab1c24-234a-45d8-bd86-fc76e55fe074",
              "parentUUID": "2c775c99-e0bb-412c-8368-94e89d0aa354",
              "isHook": false,
              "skipped": false
            }
          ],
          "suites": [],
          "passes": [
            "0bab1c24-234a-45d8-bd86-fc76e55fe074"
          ],
          "failures": [],
          "pending": [],
          "skipped": [],
          "duration": 2706,
          "root": false,
          "rootEmpty": false,
          "_timeout": 2000
        }
      ],
      "passes": [],
      "failures": [],
      "pending": [],
      "skipped": [],
      "duration": 0,
      "root": true,
      "rootEmpty": true,
      "_timeout": 2000
    },
    {
      "uuid": "9869ce51-6748-441d-ac3f-bc6d6be3d99f",
      "title": "",
      "fullFile": "cypress/integration/examples/AccessibilityHomePageFooter_wcag2aa.js",
      "file": "cypress/integration/examples/AccessibilityHomePageFooter_wcag2aa.js",
      "beforeHooks": [],
      "afterHooks": [],
      "tests": [],
      "suites": [
        {
          "uuid": "5149ab99-7a7f-4b60-83ed-d62cfab6fc60",
          "title": "Component accessibility test HomePage Footer wcag2aa",
          "fullFile": "",
          "file": "",
          "beforeHooks": [],
          "afterHooks": [],
          "tests": [
            {
              "title": "HomePage",
              "fullTitle": "Component accessibility test HomePage Footer wcag2aa HomePage",
              "timedOut": null,
              "duration": 2679,
              "state": "passed",
              "speed": "slow",
              "pass": true,
              "fail": false,
              "pending": false,
              "context": null,
              "code": "cy.disableCookiewall('.kindertelefoon.nl');\ncy.visit(route);\ncy.injectAxe();\ncy.get('.container-fluid > .justify-content-center').each(function (element, index) {\n  cy.checkA11y('.container-fluid > .justify-content-center', A11Y_OPTIONS);\n});",
              "err": {},
              "uuid": "4d8959a9-09c1-47da-9e59-2f9fc4997cbe",
              "parentUUID": "5149ab99-7a7f-4b60-83ed-d62cfab6fc60",
              "isHook": false,
              "skipped": false
            }
          ],
          "suites": [],
          "passes": [
            "4d8959a9-09c1-47da-9e59-2f9fc4997cbe"
          ],
          "failures": [],
          "pending": [],
          "skipped": [],
          "duration": 2679,
          "root": false,
          "rootEmpty": false,
          "_timeout": 2000
        }
      ],
      "passes": [],
      "failures": [],
      "pending": [],
      "skipped": [],
      "duration": 0,
      "root": true,
      "rootEmpty": true,
      "_timeout": 2000
    },
    {
      "uuid": "31fdd4b6-922d-4c6a-9add-cf55263030e9",
      "title": "",
      "fullFile": "cypress/integration/examples/AccessibilityHomePageNavBar_wcag2a.js",
      "file": "cypress/integration/examples/AccessibilityHomePageNavBar_wcag2a.js",
      "beforeHooks": [],
      "afterHooks": [],
      "tests": [],
      "suites": [
        {
          "uuid": "3216f18f-c147-4d94-a922-9ef55223a745",
          "title": "Component accessibility test HomePage NavBar wcag2a",
          "fullFile": "",
          "file": "",
          "beforeHooks": [],
          "afterHooks": [],
          "tests": [
            {
              "title": "HomePage",
              "fullTitle": "Component accessibility test HomePage NavBar wcag2a HomePage",
              "timedOut": null,
              "duration": 2667,
              "state": "passed",
              "speed": "slow",
              "pass": true,
              "fail": false,
              "pending": false,
              "context": null,
              "code": "cy.disableCookiewall('.kindertelefoon.nl');\ncy.visit(route);\ncy.injectAxe();\ncy.get('.navbar-wrapper').each(function (element, index) {\n  cy.checkA11y('.navbar-wrapper', A11Y_OPTIONS);\n});",
              "err": {},
              "uuid": "e61326d9-e383-40cd-b79b-c7b1464d6e54",
              "parentUUID": "3216f18f-c147-4d94-a922-9ef55223a745",
              "isHook": false,
              "skipped": false
            }
          ],
          "suites": [],
          "passes": [
            "e61326d9-e383-40cd-b79b-c7b1464d6e54"
          ],
          "failures": [],
          "pending": [],
          "skipped": [],
          "duration": 2667,
          "root": false,
          "rootEmpty": false,
          "_timeout": 2000
        }
      ],
      "passes": [],
      "failures": [],
      "pending": [],
      "skipped": [],
      "duration": 0,
      "root": true,
      "rootEmpty": true,
      "_timeout": 2000
    },
    {
      "uuid": "b8a041dc-55ba-4e6b-8cc9-1e1e924c48dc",
      "title": "",
      "fullFile": "cypress/integration/examples/AccessibilityHomePageNavBar_wcag2aa.js",
      "file": "cypress/integration/examples/AccessibilityHomePageNavBar_wcag2aa.js",
      "beforeHooks": [],
      "afterHooks": [],
      "tests": [],
      "suites": [
        {
          "uuid": "7a8e438c-a38d-4e70-8f28-a2fcfb3ad6d1",
          "title": "Component accessibility test HomePage NavBar wcag2a",
          "fullFile": "",
          "file": "",
          "beforeHooks": [],
          "afterHooks": [],
          "tests": [
            {
              "title": "HomePage",
              "fullTitle": "Component accessibility test HomePage NavBar wcag2a HomePage",
              "timedOut": null,
              "duration": 2746,
              "state": "passed",
              "speed": "slow",
              "pass": true,
              "fail": false,
              "pending": false,
              "context": null,
              "code": "cy.disableCookiewall('.kindertelefoon.nl');\ncy.visit(route);\ncy.injectAxe();\ncy.get('.navbar-wrapper').each(function (element, index) {\n  cy.checkA11y('.navbar-wrapper', A11Y_OPTIONS);\n});",
              "err": {},
              "uuid": "26858665-8092-4194-8041-7757844fe846",
              "parentUUID": "7a8e438c-a38d-4e70-8f28-a2fcfb3ad6d1",
              "isHook": false,
              "skipped": false
            }
          ],
          "suites": [],
          "passes": [
            "26858665-8092-4194-8041-7757844fe846"
          ],
          "failures": [],
          "pending": [],
          "skipped": [],
          "duration": 2746,
          "root": false,
          "rootEmpty": false,
          "_timeout": 2000
        }
      ],
      "passes": [],
      "failures": [],
      "pending": [],
      "skipped": [],
      "duration": 0,
      "root": true,
      "rootEmpty": true,
      "_timeout": 2000
    },
    {
      "uuid": "74c7ee5f-d825-46ab-b887-621d47e045e0",
      "title": "",
      "fullFile": "cypress/integration/examples/AccessibilitySolicitatiePage_wcag2a.js",
      "file": "cypress/integration/examples/AccessibilitySolicitatiePage_wcag2a.js",
      "beforeHooks": [],
      "afterHooks": [],
      "tests": [],
      "suites": [
        {
          "uuid": "212a4a03-a582-4cdf-a0e3-44ad624300d4",
          "title": "Component accessibility test SolicitatiePage wcag2a",
          "fullFile": "",
          "file": "",
          "beforeHooks": [],
          "afterHooks": [],
          "tests": [
            {
              "title": "HomePage",
              "fullTitle": "Component accessibility test SolicitatiePage wcag2a HomePage",
              "timedOut": null,
              "duration": 2174,
              "state": "failed",
              "speed": null,
              "pass": false,
              "fail": true,
              "pending": false,
              "context": null,
              "code": "cy.disableCookiewall('.kindertelefoon.nl');\ncy.visit(route);\ncy.viewport(1280, 1024);\ncy.injectAxe();\ncy.checkAccessibility(A11Y_OPTIONS);",
              "err": {
                "message": "AssertionError: 8 accessibility violations were detected: expected 8 to equal 0",
                "estack": "AssertionError: 8 accessibility violations were detected: expected 8 to equal 0\n    at Context.eval (https://www.kindertelefoon.nl/__cypress/tests?p=cypress/support/index.js:231:443712)",
                "diff": null
              },
              "uuid": "6734a260-c249-4507-bf2a-fa59a8724afc",
              "parentUUID": "212a4a03-a582-4cdf-a0e3-44ad624300d4",
              "isHook": false,
              "skipped": false
            }
          ],
          "suites": [],
          "passes": [],
          "failures": [
            "6734a260-c249-4507-bf2a-fa59a8724afc"
          ],
          "pending": [],
          "skipped": [],
          "duration": 2174,
          "root": false,
          "rootEmpty": false,
          "_timeout": 2000
        }
      ],
      "passes": [],
      "failures": [],
      "pending": [],
      "skipped": [],
      "duration": 0,
      "root": true,
      "rootEmpty": true,
      "_timeout": 2000
    },
    {
      "uuid": "07fa95a9-02a8-4cf3-ab83-a02767b26140",
      "title": "",
      "fullFile": "cypress/integration/examples/AccessibilitySolicitatiePage_wcag2aa.js",
      "file": "cypress/integration/examples/AccessibilitySolicitatiePage_wcag2aa.js",
      "beforeHooks": [],
      "afterHooks": [],
      "tests": [],
      "suites": [
        {
          "uuid": "05007adb-5ccc-43c0-959a-e92c3d78f5b9",
          "title": "Component accessibility test SolicitatiePage wcag2aa",
          "fullFile": "",
          "file": "",
          "beforeHooks": [],
          "afterHooks": [],
          "tests": [
            {
              "title": "HomePage",
              "fullTitle": "Component accessibility test SolicitatiePage wcag2aa HomePage",
              "timedOut": null,
              "duration": 2188,
              "state": "failed",
              "speed": null,
              "pass": false,
              "fail": true,
              "pending": false,
              "context": null,
              "code": "cy.disableCookiewall('.kindertelefoon.nl');\ncy.visit(route);\ncy.viewport(1280, 1024);\ncy.injectAxe();\ncy.checkAccessibility(A11Y_OPTIONS);",
              "err": {
                "message": "AssertionError: 8 accessibility violations were detected: expected 8 to equal 0",
                "estack": "AssertionError: 8 accessibility violations were detected: expected 8 to equal 0\n    at Context.eval (https://www.kindertelefoon.nl/__cypress/tests?p=cypress/support/index.js:231:443712)",
                "diff": null
              },
              "uuid": "73ae0771-4185-4dca-aa09-1fbad14962d4",
              "parentUUID": "05007adb-5ccc-43c0-959a-e92c3d78f5b9",
              "isHook": false,
              "skipped": false
            }
          ],
          "suites": [],
          "passes": [],
          "failures": [
            "73ae0771-4185-4dca-aa09-1fbad14962d4"
          ],
          "pending": [],
          "skipped": [],
          "duration": 2188,
          "root": false,
          "rootEmpty": false,
          "_timeout": 2000
        }
      ],
      "passes": [],
      "failures": [],
      "pending": [],
      "skipped": [],
      "duration": 0,
      "root": true,
      "rootEmpty": true,
      "_timeout": 2000
    }
  ],
  "meta": {
    "mocha": {
      "version": "7.0.1"
    },
    "mochawesome": {
      "options": {
        "quiet": false,
        "reportFilename": "mochawesome",
        "saveHtml": false,
        "saveJson": true,
        "consoleReporter": "spec",
        "useInlineDiffs": false,
        "code": true
      },
      "version": "6.1.1"
    },
    "marge": {
      "options": {
        "id": "default",
        "reportDir": "cypress/results/json",
        "overwrite": true,
        "html": false,
        "json": true,
        "timestamp": "mmddyyyy_HHMMss"
      },
      "version": "5.1.0"
    }
  }
}