{
  "stats": {
    "suites": 1,
    "tests": 1,
    "passes": 0,
    "pending": 0,
    "failures": 1,
    "start": "2020-10-25T08:59:56.483Z",
    "end": "2020-10-25T09:00:00.240Z",
    "duration": 3757,
    "testsRegistered": 1,
    "passPercent": 0,
    "pendingPercent": 0,
    "other": 0,
    "hasOther": false,
    "skipped": 0,
    "hasSkipped": false
  },
  "results": [
    {
      "uuid": "2cd82337-0f33-43cf-9e38-aa4a31eb367a",
      "title": "",
      "fullFile": "cypress/integration/examples/AccessibilityHomePage_wcag2a.js",
      "file": "cypress/integration/examples/AccessibilityHomePage_wcag2a.js",
      "beforeHooks": [],
      "afterHooks": [],
      "tests": [],
      "suites": [
        {
          "uuid": "1a69ee13-3958-4566-bba4-993f854dfe03",
          "title": "Component accessibility test HomePage wcag2a",
          "fullFile": "",
          "file": "",
          "beforeHooks": [],
          "afterHooks": [],
          "tests": [
            {
              "title": "HomePage",
              "fullTitle": "Component accessibility test HomePage wcag2a HomePage",
              "timedOut": null,
              "duration": 3316,
              "state": "failed",
              "speed": null,
              "pass": false,
              "fail": true,
              "pending": false,
              "context": null,
              "code": "cy.disableCookiewall('.kindertelefoon.nl');\ncy.visit(route);\ncy.injectAxe();\ncy.checkAccessibility(A11Y_OPTIONS);\nterminalLog;",
              "err": {
                "message": "AssertionError: 8 accessibility violations were detected: expected 8 to equal 0",
                "estack": "AssertionError: 8 accessibility violations were detected: expected 8 to equal 0\n    at Context.eval (https://www.kindertelefoon.nl/__cypress/tests?p=cypress/support/index.js:99:443712)",
                "diff": null
              },
              "uuid": "7a0edff9-f089-4e4e-9fce-28c6ea7af9be",
              "parentUUID": "1a69ee13-3958-4566-bba4-993f854dfe03",
              "isHook": false,
              "skipped": false
            }
          ],
          "suites": [],
          "passes": [],
          "failures": [
            "7a0edff9-f089-4e4e-9fce-28c6ea7af9be"
          ],
          "pending": [],
          "skipped": [],
          "duration": 3316,
          "root": false,
          "rootEmpty": false,
          "_timeout": 2000
        }
      ],
      "passes": [],
      "failures": [],
      "pending": [],
      "skipped": [],
      "duration": 0,
      "root": true,
      "rootEmpty": true,
      "_timeout": 2000
    }
  ],
  "meta": {
    "mocha": {
      "version": "7.0.1"
    },
    "mochawesome": {
      "options": {
        "quiet": false,
        "reportFilename": "mochawesome",
        "saveHtml": false,
        "saveJson": true,
        "consoleReporter": "spec",
        "useInlineDiffs": false,
        "code": true
      },
      "version": "6.1.1"
    },
    "marge": {
      "options": {
        "id": "default",
        "reportDir": "cypress/results/json",
        "overwrite": true,
        "html": false,
        "json": true,
        "timestamp": "mmddyyyy_HHMMss"
      },
      "version": "5.1.0"
    }
  }
}