{
  "stats": {
    "suites": 1,
    "tests": 1,
    "passes": 1,
    "pending": 0,
    "failures": 0,
    "start": "2020-10-25T09:35:27.521Z",
    "end": "2020-10-25T09:35:30.014Z",
    "duration": 2493,
    "testsRegistered": 1,
    "passPercent": 100,
    "pendingPercent": 0,
    "other": 0,
    "hasOther": false,
    "skipped": 0,
    "hasSkipped": false
  },
  "results": [
    {
      "uuid": "7c724d9d-c4c2-4fe9-b657-435a26460016",
      "title": "",
      "fullFile": "cypress/integration/examples/AccessibilityHomePageNavBar_wcag2aa.js",
      "file": "cypress/integration/examples/AccessibilityHomePageNavBar_wcag2aa.js",
      "beforeHooks": [],
      "afterHooks": [],
      "tests": [],
      "suites": [
        {
          "uuid": "8fffb243-2d68-405c-a69c-317ff44b6617",
          "title": "Component accessibility test HomePage wcag2a",
          "fullFile": "",
          "file": "",
          "beforeHooks": [],
          "afterHooks": [],
          "tests": [
            {
              "title": "HomePage",
              "fullTitle": "Component accessibility test HomePage wcag2a HomePage",
              "timedOut": null,
              "duration": 2453,
              "state": "passed",
              "speed": "slow",
              "pass": true,
              "fail": false,
              "pending": false,
              "context": null,
              "code": "cy.disableCookiewall('.kindertelefoon.nl');\ncy.visit(route);\ncy.injectAxe();\ncy.get('.navbar-wrapper').each(function (element, index) {\n  cy.checkA11y('.navbar-wrapper', A11Y_OPTIONS);\n});",
              "err": {},
              "uuid": "0d0c2b09-9cde-46fc-b300-f9b9e40c9370",
              "parentUUID": "8fffb243-2d68-405c-a69c-317ff44b6617",
              "isHook": false,
              "skipped": false
            }
          ],
          "suites": [],
          "passes": [
            "0d0c2b09-9cde-46fc-b300-f9b9e40c9370"
          ],
          "failures": [],
          "pending": [],
          "skipped": [],
          "duration": 2453,
          "root": false,
          "rootEmpty": false,
          "_timeout": 2000
        }
      ],
      "passes": [],
      "failures": [],
      "pending": [],
      "skipped": [],
      "duration": 0,
      "root": true,
      "rootEmpty": true,
      "_timeout": 2000
    }
  ],
  "meta": {
    "mocha": {
      "version": "7.0.1"
    },
    "mochawesome": {
      "options": {
        "quiet": false,
        "reportFilename": "mochawesome",
        "saveHtml": false,
        "saveJson": true,
        "consoleReporter": "spec",
        "useInlineDiffs": false,
        "code": true
      },
      "version": "6.1.1"
    },
    "marge": {
      "options": {
        "id": "default",
        "reportDir": "cypress/results/json",
        "overwrite": true,
        "html": false,
        "json": true,
        "timestamp": "mmddyyyy_HHMMss"
      },
      "version": "5.1.0"
    }
  }
}