{
  "stats": {
    "suites": 1,
    "tests": 2,
    "passes": 1,
    "pending": 0,
    "failures": 1,
    "start": "2020-10-23T22:22:56.763Z",
    "end": "2020-10-23T22:23:03.700Z",
    "duration": 6937,
    "testsRegistered": 2,
    "passPercent": 50,
    "pendingPercent": 0,
    "other": 0,
    "hasOther": false,
    "skipped": 0,
    "hasSkipped": false
  },
  "results": [
    {
      "uuid": "c1f08f03-9f15-403c-97b7-5111780aaf53",
      "title": "",
      "fullFile": "cypress/integration/examples/AccessibilityBellenPage_wcag2a.js",
      "file": "cypress/integration/examples/AccessibilityBellenPage_wcag2a.js",
      "beforeHooks": [],
      "afterHooks": [],
      "tests": [],
      "suites": [
        {
          "uuid": "dc2f7ea8-2392-4f0e-aa32-207f931333a1",
          "title": "Component accessibility test BellenPage wcag2a",
          "fullFile": "",
          "file": "",
          "beforeHooks": [],
          "afterHooks": [],
          "tests": [
            {
              "title": "NavBarWrapper",
              "fullTitle": "Component accessibility test BellenPage wcag2a NavBarWrapper",
              "timedOut": null,
              "duration": 1971,
              "state": "passed",
              "speed": "slow",
              "pass": true,
              "fail": false,
              "pending": false,
              "context": null,
              "code": "cy.disableCookiewall('.kindertelefoon.nl');\ncy.visit(route);\ncy.injectAxe();\ncy.get('.navbar-wrapper').each(function (element, index) {\n  cy.checkA11y('.navbar-wrapper', {\n    runOnly: {\n      type: 'tag',\n      values: ['wcag2a']\n    }\n  }, terminalLog);\n});",
              "err": {},
              "uuid": "d45ef663-c3fe-410d-9bc4-89cefdce9a76",
              "parentUUID": "dc2f7ea8-2392-4f0e-aa32-207f931333a1",
              "isHook": false,
              "skipped": false
            },
            {
              "title": "ModuleWappers",
              "fullTitle": "Component accessibility test BellenPage wcag2a ModuleWappers",
              "timedOut": null,
              "duration": 4910,
              "state": "failed",
              "speed": null,
              "pass": false,
              "fail": true,
              "pending": false,
              "context": null,
              "code": "cy.disableCookiewall('.kindertelefoon.nl');\ncy.visit(route);\ncy.injectAxe();\ncy.get('.module-wrapper').each(function (element, index) {\n  cy.checkA11y('.module-wrapper', {\n    runOnly: {\n      type: 'tag',\n      values: ['wcag2a']\n    }\n  }, terminalLog);\n});",
              "err": {
                "message": "AssertionError: Timed out retrying: Expected to find element: `.module-wrapper`, but never found it.",
                "estack": "AssertionError: Timed out retrying: Expected to find element: `.module-wrapper`, but never found it.\n    at Context.eval (https://www.kindertelefoon.nl/__cypress/tests?p=cypress/integration/examples/AccessibilityBellenPage_wcag2a.js:44:10)",
                "diff": null
              },
              "uuid": "4000dab5-c74a-41aa-9b2d-02ef70e93d71",
              "parentUUID": "dc2f7ea8-2392-4f0e-aa32-207f931333a1",
              "isHook": false,
              "skipped": false
            }
          ],
          "suites": [],
          "passes": [
            "d45ef663-c3fe-410d-9bc4-89cefdce9a76"
          ],
          "failures": [
            "4000dab5-c74a-41aa-9b2d-02ef70e93d71"
          ],
          "pending": [],
          "skipped": [],
          "duration": 6881,
          "root": false,
          "rootEmpty": false,
          "_timeout": 2000
        }
      ],
      "passes": [],
      "failures": [],
      "pending": [],
      "skipped": [],
      "duration": 0,
      "root": true,
      "rootEmpty": true,
      "_timeout": 2000
    }
  ],
  "meta": {
    "mocha": {
      "version": "7.0.1"
    },
    "mochawesome": {
      "options": {
        "quiet": false,
        "reportFilename": "mochawesome",
        "saveHtml": false,
        "saveJson": true,
        "consoleReporter": "spec",
        "useInlineDiffs": false,
        "code": true
      },
      "version": "6.1.1"
    },
    "marge": {
      "options": {
        "id": "default",
        "reportDir": "cypress/results/json",
        "overwrite": true,
        "html": false,
        "json": true,
        "timestamp": "mmddyyyy_HHMMss"
      },
      "version": "5.1.0"
    }
  }
}