{
  "stats": {
    "suites": 1,
    "tests": 2,
    "passes": 2,
    "pending": 0,
    "failures": 0,
    "start": "2020-10-23T21:30:59.593Z",
    "end": "2020-10-23T21:31:02.417Z",
    "duration": 2824,
    "testsRegistered": 2,
    "passPercent": 100,
    "pendingPercent": 0,
    "other": 0,
    "hasOther": false,
    "skipped": 0,
    "hasSkipped": false
  },
  "results": [
    {
      "uuid": "c6a870d7-f959-46da-9df8-91468928f3b8",
      "title": "",
      "fullFile": "cypress/integration/examples/FooterItems-KinderTelefoon.js",
      "file": "cypress/integration/examples/FooterItems-KinderTelefoon.js",
      "beforeHooks": [],
      "afterHooks": [],
      "tests": [],
      "suites": [
        {
          "uuid": "7cff95d3-d428-4478-8b8a-55fe42e233cb",
          "title": "Footer Kindertelefoon",
          "fullFile": "",
          "file": "",
          "beforeHooks": [],
          "afterHooks": [],
          "tests": [
            {
              "title": "KinderTelefoon Footer Headers",
              "fullTitle": "Footer Kindertelefoon KinderTelefoon Footer Headers",
              "timedOut": null,
              "duration": 2660,
              "state": "passed",
              "speed": "slow",
              "pass": true,
              "fail": false,
              "pending": false,
              "context": null,
              "code": "cy.disableCookiewall('.kindertelefoon.nl');\ncy.visit(url);\ncy.get('.col-lg-11').should('contain', 'Huisregels').should('contain', 'Spreekbeurt of werkstuk').should('contain', 'Meedenken').should('contain', 'Veelgestelde vragen').should('contain', 'Privacy');",
              "err": {},
              "uuid": "77503303-c034-4de3-806b-7dea0ee830f8",
              "parentUUID": "7cff95d3-d428-4478-8b8a-55fe42e233cb",
              "isHook": false,
              "skipped": false
            },
            {
              "title": "KinderTelefoon Footer URLS",
              "fullTitle": "Footer Kindertelefoon KinderTelefoon Footer URLS",
              "timedOut": null,
              "duration": 102,
              "state": "passed",
              "speed": "slow",
              "pass": true,
              "fail": false,
              "pending": false,
              "context": null,
              "code": "cy.get('.footer-links').find('a').should(function ($a) {\n  var hrefs = $a.map(function (i, el) {\n    return Cypress.$(el).attr('href');\n  });\n  expect(hrefs.get()).to.contain(footerurls);\n});",
              "err": {},
              "uuid": "7792e8d8-7a95-4869-9880-9b20a3dd2869",
              "parentUUID": "7cff95d3-d428-4478-8b8a-55fe42e233cb",
              "isHook": false,
              "skipped": false
            }
          ],
          "suites": [],
          "passes": [
            "77503303-c034-4de3-806b-7dea0ee830f8",
            "7792e8d8-7a95-4869-9880-9b20a3dd2869"
          ],
          "failures": [],
          "pending": [],
          "skipped": [],
          "duration": 2762,
          "root": false,
          "rootEmpty": false,
          "_timeout": 2000
        }
      ],
      "passes": [],
      "failures": [],
      "pending": [],
      "skipped": [],
      "duration": 0,
      "root": true,
      "rootEmpty": true,
      "_timeout": 2000
    }
  ],
  "meta": {
    "mocha": {
      "version": "7.0.1"
    },
    "mochawesome": {
      "options": {
        "quiet": false,
        "reportFilename": "mochawesome",
        "saveHtml": false,
        "saveJson": true,
        "consoleReporter": "spec",
        "useInlineDiffs": false,
        "code": true
      },
      "version": "6.1.1"
    },
    "marge": {
      "options": {
        "id": "default",
        "reportDir": "cypress/results/json",
        "overwrite": true,
        "html": false,
        "json": true,
        "timestamp": "mmddyyyy_HHMMss"
      },
      "version": "5.1.0"
    }
  }
}