{
  "stats": {
    "suites": 1,
    "tests": 1,
    "passes": 0,
    "pending": 0,
    "failures": 1,
    "start": "2020-10-25T13:15:36.434Z",
    "end": "2020-10-25T13:15:39.461Z",
    "duration": 3027,
    "testsRegistered": 1,
    "passPercent": 0,
    "pendingPercent": 0,
    "other": 0,
    "hasOther": false,
    "skipped": 0,
    "hasSkipped": false
  },
  "results": [
    {
      "uuid": "07fa95a9-02a8-4cf3-ab83-a02767b26140",
      "title": "",
      "fullFile": "cypress/integration/examples/AccessibilitySolicitatiePage_wcag2aa.js",
      "file": "cypress/integration/examples/AccessibilitySolicitatiePage_wcag2aa.js",
      "beforeHooks": [],
      "afterHooks": [],
      "tests": [],
      "suites": [
        {
          "uuid": "05007adb-5ccc-43c0-959a-e92c3d78f5b9",
          "title": "Component accessibility test SolicitatiePage wcag2aa",
          "fullFile": "",
          "file": "",
          "beforeHooks": [],
          "afterHooks": [],
          "tests": [
            {
              "title": "HomePage",
              "fullTitle": "Component accessibility test SolicitatiePage wcag2aa HomePage",
              "timedOut": null,
              "duration": 2188,
              "state": "failed",
              "speed": null,
              "pass": false,
              "fail": true,
              "pending": false,
              "context": null,
              "code": "cy.disableCookiewall('.kindertelefoon.nl');\ncy.visit(route);\ncy.viewport(1280, 1024);\ncy.injectAxe();\ncy.checkAccessibility(A11Y_OPTIONS);",
              "err": {
                "message": "AssertionError: 8 accessibility violations were detected: expected 8 to equal 0",
                "estack": "AssertionError: 8 accessibility violations were detected: expected 8 to equal 0\n    at Context.eval (https://www.kindertelefoon.nl/__cypress/tests?p=cypress/support/index.js:231:443712)",
                "diff": null
              },
              "uuid": "73ae0771-4185-4dca-aa09-1fbad14962d4",
              "parentUUID": "05007adb-5ccc-43c0-959a-e92c3d78f5b9",
              "isHook": false,
              "skipped": false
            }
          ],
          "suites": [],
          "passes": [],
          "failures": [
            "73ae0771-4185-4dca-aa09-1fbad14962d4"
          ],
          "pending": [],
          "skipped": [],
          "duration": 2188,
          "root": false,
          "rootEmpty": false,
          "_timeout": 2000
        }
      ],
      "passes": [],
      "failures": [],
      "pending": [],
      "skipped": [],
      "duration": 0,
      "root": true,
      "rootEmpty": true,
      "_timeout": 2000
    }
  ],
  "meta": {
    "mocha": {
      "version": "7.0.1"
    },
    "mochawesome": {
      "options": {
        "quiet": false,
        "reportFilename": "mochawesome",
        "saveHtml": false,
        "saveJson": true,
        "consoleReporter": "spec",
        "useInlineDiffs": false,
        "code": true
      },
      "version": "6.1.1"
    },
    "marge": {
      "options": {
        "id": "default",
        "reportDir": "cypress/results/json",
        "overwrite": true,
        "html": false,
        "json": true,
        "timestamp": "mmddyyyy_HHMMss"
      },
      "version": "5.1.0"
    }
  }
}