{
  "stats": {
    "suites": 1,
    "tests": 2,
    "passes": 2,
    "pending": 0,
    "failures": 0,
    "start": "2020-10-23T22:24:01.578Z",
    "end": "2020-10-23T22:24:05.131Z",
    "duration": 3553,
    "testsRegistered": 2,
    "passPercent": 100,
    "pendingPercent": 0,
    "other": 0,
    "hasOther": false,
    "skipped": 0,
    "hasSkipped": false
  },
  "results": [
    {
      "uuid": "67a4c2a0-9afa-4b6f-8fab-326c0c945613",
      "title": "",
      "fullFile": "cypress/integration/examples/FooterItems-KinderTelefoon.js",
      "file": "cypress/integration/examples/FooterItems-KinderTelefoon.js",
      "beforeHooks": [],
      "afterHooks": [],
      "tests": [],
      "suites": [
        {
          "uuid": "eff99bd0-303a-4d43-b499-fcb05e14a0cd",
          "title": "Footer Kindertelefoon",
          "fullFile": "",
          "file": "",
          "beforeHooks": [],
          "afterHooks": [],
          "tests": [
            {
              "title": "KinderTelefoon Footer Headers",
              "fullTitle": "Footer Kindertelefoon KinderTelefoon Footer Headers",
              "timedOut": null,
              "duration": 3335,
              "state": "passed",
              "speed": "slow",
              "pass": true,
              "fail": false,
              "pending": false,
              "context": null,
              "code": "cy.disableCookiewall('.kindertelefoon.nl');\ncy.visit(url);\ncy.get('.col-lg-11').should('contain', 'Huisregels').should('contain', 'Spreekbeurt of werkstuk').should('contain', 'Meedenken').should('contain', 'Veelgestelde vragen').should('contain', 'Privacy');",
              "err": {},
              "uuid": "78e69394-f34b-433f-a98f-cfc2903d1827",
              "parentUUID": "eff99bd0-303a-4d43-b499-fcb05e14a0cd",
              "isHook": false,
              "skipped": false
            },
            {
              "title": "KinderTelefoon Footer URLS",
              "fullTitle": "Footer Kindertelefoon KinderTelefoon Footer URLS",
              "timedOut": null,
              "duration": 137,
              "state": "passed",
              "speed": "slow",
              "pass": true,
              "fail": false,
              "pending": false,
              "context": null,
              "code": "cy.get('.footer-links').find('a').should(function ($a) {\n  var hrefs = $a.map(function (i, el) {\n    return Cypress.$(el).attr('href');\n  });\n  expect(hrefs.get()).to.contain(footerurls);\n});",
              "err": {},
              "uuid": "92d9b86f-f19e-484a-83a0-303932c14cc8",
              "parentUUID": "eff99bd0-303a-4d43-b499-fcb05e14a0cd",
              "isHook": false,
              "skipped": false
            }
          ],
          "suites": [],
          "passes": [
            "78e69394-f34b-433f-a98f-cfc2903d1827",
            "92d9b86f-f19e-484a-83a0-303932c14cc8"
          ],
          "failures": [],
          "pending": [],
          "skipped": [],
          "duration": 3472,
          "root": false,
          "rootEmpty": false,
          "_timeout": 2000
        }
      ],
      "passes": [],
      "failures": [],
      "pending": [],
      "skipped": [],
      "duration": 0,
      "root": true,
      "rootEmpty": true,
      "_timeout": 2000
    }
  ],
  "meta": {
    "mocha": {
      "version": "7.0.1"
    },
    "mochawesome": {
      "options": {
        "quiet": false,
        "reportFilename": "mochawesome",
        "saveHtml": false,
        "saveJson": true,
        "consoleReporter": "spec",
        "useInlineDiffs": false,
        "code": true
      },
      "version": "6.1.1"
    },
    "marge": {
      "options": {
        "id": "default",
        "reportDir": "cypress/results/json",
        "overwrite": true,
        "html": false,
        "json": true,
        "timestamp": "mmddyyyy_HHMMss"
      },
      "version": "5.1.0"
    }
  }
}