{
  "stats": {
    "suites": 1,
    "tests": 2,
    "passes": 2,
    "pending": 0,
    "failures": 0,
    "start": "2020-10-23T22:23:21.270Z",
    "end": "2020-10-23T22:23:25.780Z",
    "duration": 4510,
    "testsRegistered": 2,
    "passPercent": 100,
    "pendingPercent": 0,
    "other": 0,
    "hasOther": false,
    "skipped": 0,
    "hasSkipped": false
  },
  "results": [
    {
      "uuid": "4a2b2264-7884-4e9c-a9fa-85b5d66eb6a7",
      "title": "",
      "fullFile": "cypress/integration/examples/AccessibilityChatPage_wcag2aa.js",
      "file": "cypress/integration/examples/AccessibilityChatPage_wcag2aa.js",
      "beforeHooks": [],
      "afterHooks": [],
      "tests": [],
      "suites": [
        {
          "uuid": "e8ec5177-8a50-4972-a815-63bcaeacf35a",
          "title": "Component accessibility test ChatPage wcag2a",
          "fullFile": "",
          "file": "",
          "beforeHooks": [],
          "afterHooks": [],
          "tests": [
            {
              "title": "NavBarWrapper",
              "fullTitle": "Component accessibility test ChatPage wcag2a NavBarWrapper",
              "timedOut": null,
              "duration": 2342,
              "state": "passed",
              "speed": "slow",
              "pass": true,
              "fail": false,
              "pending": false,
              "context": null,
              "code": "cy.disableCookiewall('.kindertelefoon.nl');\ncy.visit(route);\ncy.injectAxe();\ncy.get('.navbar-wrapper').each(function (element, index) {\n  cy.checkA11y('.navbar-wrapper', {\n    runOnly: {\n      type: 'tag',\n      values: ['wcag2aa']\n    }\n  }, terminalLog);\n});",
              "err": {},
              "uuid": "222803e9-81f7-4619-a1f7-91d32aac9868",
              "parentUUID": "e8ec5177-8a50-4972-a815-63bcaeacf35a",
              "isHook": false,
              "skipped": false
            },
            {
              "title": "ModuleWappers",
              "fullTitle": "Component accessibility test ChatPage wcag2a ModuleWappers",
              "timedOut": null,
              "duration": 2117,
              "state": "passed",
              "speed": "slow",
              "pass": true,
              "fail": false,
              "pending": false,
              "context": null,
              "code": "cy.disableCookiewall('.kindertelefoon.nl');\ncy.visit(route);\ncy.injectAxe();\ncy.get('.module-wrapper').each(function (element, index) {\n  cy.checkA11y('.module-wrapper', {\n    runOnly: {\n      type: 'tag',\n      values: ['wcag2aa']\n    }\n  }, terminalLog);\n});",
              "err": {},
              "uuid": "45a51698-1671-45a1-9989-f0add177c868",
              "parentUUID": "e8ec5177-8a50-4972-a815-63bcaeacf35a",
              "isHook": false,
              "skipped": false
            }
          ],
          "suites": [],
          "passes": [
            "222803e9-81f7-4619-a1f7-91d32aac9868",
            "45a51698-1671-45a1-9989-f0add177c868"
          ],
          "failures": [],
          "pending": [],
          "skipped": [],
          "duration": 4459,
          "root": false,
          "rootEmpty": false,
          "_timeout": 2000
        }
      ],
      "passes": [],
      "failures": [],
      "pending": [],
      "skipped": [],
      "duration": 0,
      "root": true,
      "rootEmpty": true,
      "_timeout": 2000
    }
  ],
  "meta": {
    "mocha": {
      "version": "7.0.1"
    },
    "mochawesome": {
      "options": {
        "quiet": false,
        "reportFilename": "mochawesome",
        "saveHtml": false,
        "saveJson": true,
        "consoleReporter": "spec",
        "useInlineDiffs": false,
        "code": true
      },
      "version": "6.1.1"
    },
    "marge": {
      "options": {
        "id": "default",
        "reportDir": "cypress/results/json",
        "overwrite": true,
        "html": false,
        "json": true,
        "timestamp": "mmddyyyy_HHMMss"
      },
      "version": "5.1.0"
    }
  }
}