{
  "stats": {
    "suites": 1,
    "tests": 2,
    "passes": 2,
    "pending": 0,
    "failures": 0,
    "start": "2020-10-23T22:23:54.135Z",
    "end": "2020-10-23T22:23:59.466Z",
    "duration": 5331,
    "testsRegistered": 2,
    "passPercent": 100,
    "pendingPercent": 0,
    "other": 0,
    "hasOther": false,
    "skipped": 0,
    "hasSkipped": false
  },
  "results": [
    {
      "uuid": "2444c02a-1c7d-48c9-a756-f477c4743a7d",
      "title": "",
      "fullFile": "cypress/integration/examples/AccessibilityHomePage_wcag2aa.js",
      "file": "cypress/integration/examples/AccessibilityHomePage_wcag2aa.js",
      "beforeHooks": [],
      "afterHooks": [],
      "tests": [],
      "suites": [
        {
          "uuid": "5a5316f8-954d-45d5-8b16-1e6dcedcf392",
          "title": "Component accessibility test HomePage wcag2aa",
          "fullFile": "",
          "file": "",
          "beforeHooks": [],
          "afterHooks": [],
          "tests": [
            {
              "title": "NavBarWrapper",
              "fullTitle": "Component accessibility test HomePage wcag2aa NavBarWrapper",
              "timedOut": null,
              "duration": 3117,
              "state": "passed",
              "speed": "slow",
              "pass": true,
              "fail": false,
              "pending": false,
              "context": null,
              "code": "cy.disableCookiewall('.kindertelefoon.nl');\ncy.visit(route);\ncy.injectAxe();\ncy.get('.navbar-wrapper').each(function (element, index) {\n  cy.checkA11y('.navbar-wrapper', {\n    runOnly: {\n      type: 'tag',\n      values: ['wcag2aa']\n    }\n  }, terminalLog);\n});",
              "err": {},
              "uuid": "621cb539-4425-4c1c-ad48-02e5edd6ca1e",
              "parentUUID": "5a5316f8-954d-45d5-8b16-1e6dcedcf392",
              "isHook": false,
              "skipped": false
            },
            {
              "title": "ModuleWappers",
              "fullTitle": "Component accessibility test HomePage wcag2aa ModuleWappers",
              "timedOut": null,
              "duration": 2183,
              "state": "passed",
              "speed": "slow",
              "pass": true,
              "fail": false,
              "pending": false,
              "context": null,
              "code": "cy.disableCookiewall('.kindertelefoon.nl');\ncy.visit(route);\ncy.injectAxe();\ncy.get('.module-wrapper').each(function (element, index) {\n  cy.checkA11y('.module-wrapper', {\n    runOnly: {\n      type: 'tag',\n      values: ['wcag2aa']\n    }\n  }, terminalLog);\n});",
              "err": {},
              "uuid": "ec004e7d-8a43-487a-bf61-5acf62c5beea",
              "parentUUID": "5a5316f8-954d-45d5-8b16-1e6dcedcf392",
              "isHook": false,
              "skipped": false
            }
          ],
          "suites": [],
          "passes": [
            "621cb539-4425-4c1c-ad48-02e5edd6ca1e",
            "ec004e7d-8a43-487a-bf61-5acf62c5beea"
          ],
          "failures": [],
          "pending": [],
          "skipped": [],
          "duration": 5300,
          "root": false,
          "rootEmpty": false,
          "_timeout": 2000
        }
      ],
      "passes": [],
      "failures": [],
      "pending": [],
      "skipped": [],
      "duration": 0,
      "root": true,
      "rootEmpty": true,
      "_timeout": 2000
    }
  ],
  "meta": {
    "mocha": {
      "version": "7.0.1"
    },
    "mochawesome": {
      "options": {
        "quiet": false,
        "reportFilename": "mochawesome",
        "saveHtml": false,
        "saveJson": true,
        "consoleReporter": "spec",
        "useInlineDiffs": false,
        "code": true
      },
      "version": "6.1.1"
    },
    "marge": {
      "options": {
        "id": "default",
        "reportDir": "cypress/results/json",
        "overwrite": true,
        "html": false,
        "json": true,
        "timestamp": "mmddyyyy_HHMMss"
      },
      "version": "5.1.0"
    }
  }
}