{
  "stats": {
    "suites": 1,
    "tests": 1,
    "passes": 0,
    "pending": 0,
    "failures": 1,
    "start": "2020-10-25T08:49:00.407Z",
    "end": "2020-10-25T08:49:04.256Z",
    "duration": 3849,
    "testsRegistered": 1,
    "passPercent": 0,
    "pendingPercent": 0,
    "other": 0,
    "hasOther": false,
    "skipped": 0,
    "hasSkipped": false
  },
  "results": [
    {
      "uuid": "ff8429a0-3245-4d7e-9d60-ca612f4808a1",
      "title": "",
      "fullFile": "cypress/integration/examples/AccessibilityHomePage_wcag2a.js",
      "file": "cypress/integration/examples/AccessibilityHomePage_wcag2a.js",
      "beforeHooks": [],
      "afterHooks": [],
      "tests": [],
      "suites": [
        {
          "uuid": "06689eb9-884e-4e3b-b5c9-75e3e12d601e",
          "title": "Component accessibility test HomePage wcag2a",
          "fullFile": "",
          "file": "",
          "beforeHooks": [],
          "afterHooks": [],
          "tests": [
            {
              "title": "HomePage",
              "fullTitle": "Component accessibility test HomePage wcag2a HomePage",
              "timedOut": null,
              "duration": 3355,
              "state": "failed",
              "speed": null,
              "pass": false,
              "fail": true,
              "pending": false,
              "context": null,
              "code": "cy.disableCookiewall('.kindertelefoon.nl');\ncy.visit(route);\ncy.injectAxe();\ncy.checkAccessibility(A11Y_OPTIONS);",
              "err": {
                "message": "AssertionError: 8 accessibility violations were detected: expected 8 to equal 0",
                "estack": "AssertionError: 8 accessibility violations were detected: expected 8 to equal 0\n    at Context.eval (https://www.kindertelefoon.nl/__cypress/tests?p=cypress/support/index.js:99:443712)",
                "diff": null
              },
              "uuid": "afe78990-7506-4bbc-a1d6-9c9fa21fd73f",
              "parentUUID": "06689eb9-884e-4e3b-b5c9-75e3e12d601e",
              "isHook": false,
              "skipped": false
            }
          ],
          "suites": [],
          "passes": [],
          "failures": [
            "afe78990-7506-4bbc-a1d6-9c9fa21fd73f"
          ],
          "pending": [],
          "skipped": [],
          "duration": 3355,
          "root": false,
          "rootEmpty": false,
          "_timeout": 2000
        }
      ],
      "passes": [],
      "failures": [],
      "pending": [],
      "skipped": [],
      "duration": 0,
      "root": true,
      "rootEmpty": true,
      "_timeout": 2000
    }
  ],
  "meta": {
    "mocha": {
      "version": "7.0.1"
    },
    "mochawesome": {
      "options": {
        "quiet": false,
        "reportFilename": "mochawesome",
        "saveHtml": false,
        "saveJson": true,
        "consoleReporter": "spec",
        "useInlineDiffs": false,
        "code": true
      },
      "version": "6.1.1"
    },
    "marge": {
      "options": {
        "id": "default",
        "reportDir": "cypress/results/json",
        "overwrite": true,
        "html": false,
        "json": true,
        "timestamp": "mmddyyyy_HHMMss"
      },
      "version": "5.1.0"
    }
  }
}