{
  "stats": {
    "suites": 1,
    "tests": 2,
    "passes": 1,
    "pending": 0,
    "failures": 1,
    "start": "2020-10-23T22:23:05.517Z",
    "end": "2020-10-23T22:23:12.447Z",
    "duration": 6930,
    "testsRegistered": 2,
    "passPercent": 50,
    "pendingPercent": 0,
    "other": 0,
    "hasOther": false,
    "skipped": 0,
    "hasSkipped": false
  },
  "results": [
    {
      "uuid": "16fd7d5c-2ab4-4ef5-9fb1-a4821e52c82b",
      "title": "",
      "fullFile": "cypress/integration/examples/AccessibilityBellenPage_wcag2aa.js",
      "file": "cypress/integration/examples/AccessibilityBellenPage_wcag2aa.js",
      "beforeHooks": [],
      "afterHooks": [],
      "tests": [],
      "suites": [
        {
          "uuid": "c14a561e-5407-4db8-8501-3f3c213e996d",
          "title": "Component accessibility test BellenPage wcag2aa",
          "fullFile": "",
          "file": "",
          "beforeHooks": [],
          "afterHooks": [],
          "tests": [
            {
              "title": "NavBarWrapper",
              "fullTitle": "Component accessibility test BellenPage wcag2aa NavBarWrapper",
              "timedOut": null,
              "duration": 1744,
              "state": "passed",
              "speed": "slow",
              "pass": true,
              "fail": false,
              "pending": false,
              "context": null,
              "code": "cy.disableCookiewall('.kindertelefoon.nl');\ncy.visit(route);\ncy.injectAxe();\ncy.get('.navbar-wrapper').each(function (element, index) {\n  cy.checkA11y('.navbar-wrapper', {\n    runOnly: {\n      type: 'tag',\n      values: ['wcag2aa']\n    }\n  }, terminalLog);\n});",
              "err": {},
              "uuid": "8f79995b-c745-4199-be5c-f6177e79b7b9",
              "parentUUID": "c14a561e-5407-4db8-8501-3f3c213e996d",
              "isHook": false,
              "skipped": false
            },
            {
              "title": "ModuleWappers",
              "fullTitle": "Component accessibility test BellenPage wcag2aa ModuleWappers",
              "timedOut": null,
              "duration": 5100,
              "state": "failed",
              "speed": null,
              "pass": false,
              "fail": true,
              "pending": false,
              "context": null,
              "code": "cy.disableCookiewall('.kindertelefoon.nl');\ncy.visit(route);\ncy.injectAxe();\ncy.get('.module-wrapper').each(function (element, index) {\n  cy.checkA11y('.module-wrapper', {\n    runOnly: {\n      type: 'tag',\n      values: ['wcag2aa']\n    }\n  }, terminalLog);\n});",
              "err": {
                "message": "AssertionError: Timed out retrying: Expected to find element: `.module-wrapper`, but never found it.",
                "estack": "AssertionError: Timed out retrying: Expected to find element: `.module-wrapper`, but never found it.\n    at Context.eval (https://www.kindertelefoon.nl/__cypress/tests?p=cypress/integration/examples/AccessibilityBellenPage_wcag2aa.js:44:10)",
                "diff": null
              },
              "uuid": "2c370bb0-2476-407c-9e0c-716f18674e80",
              "parentUUID": "c14a561e-5407-4db8-8501-3f3c213e996d",
              "isHook": false,
              "skipped": false
            }
          ],
          "suites": [],
          "passes": [
            "8f79995b-c745-4199-be5c-f6177e79b7b9"
          ],
          "failures": [
            "2c370bb0-2476-407c-9e0c-716f18674e80"
          ],
          "pending": [],
          "skipped": [],
          "duration": 6844,
          "root": false,
          "rootEmpty": false,
          "_timeout": 2000
        }
      ],
      "passes": [],
      "failures": [],
      "pending": [],
      "skipped": [],
      "duration": 0,
      "root": true,
      "rootEmpty": true,
      "_timeout": 2000
    }
  ],
  "meta": {
    "mocha": {
      "version": "7.0.1"
    },
    "mochawesome": {
      "options": {
        "quiet": false,
        "reportFilename": "mochawesome",
        "saveHtml": false,
        "saveJson": true,
        "consoleReporter": "spec",
        "useInlineDiffs": false,
        "code": true
      },
      "version": "6.1.1"
    },
    "marge": {
      "options": {
        "id": "default",
        "reportDir": "cypress/results/json",
        "overwrite": true,
        "html": false,
        "json": true,
        "timestamp": "mmddyyyy_HHMMss"
      },
      "version": "5.1.0"
    }
  }
}