{
  "stats": {
    "suites": 1,
    "tests": 1,
    "passes": 0,
    "pending": 0,
    "failures": 1,
    "start": "2020-10-25T12:08:19.317Z",
    "end": "2020-10-25T12:08:23.031Z",
    "duration": 3714,
    "testsRegistered": 1,
    "passPercent": 0,
    "pendingPercent": 0,
    "other": 0,
    "hasOther": false,
    "skipped": 0,
    "hasSkipped": false
  },
  "results": [
    {
      "uuid": "fef0b5e7-d098-494d-8526-df11a8549f80",
      "title": "",
      "fullFile": "cypress/integration/examples/AccessibilityHomePage_wcag2aa.js",
      "file": "cypress/integration/examples/AccessibilityHomePage_wcag2aa.js",
      "beforeHooks": [],
      "afterHooks": [],
      "tests": [],
      "suites": [
        {
          "uuid": "40762003-1f29-4ddf-8711-66832b598bff",
          "title": "Component accessibility test HomePage wcag2aa",
          "fullFile": "",
          "file": "",
          "beforeHooks": [],
          "afterHooks": [],
          "tests": [
            {
              "title": "HomePage",
              "fullTitle": "Component accessibility test HomePage wcag2aa HomePage",
              "timedOut": null,
              "duration": 2975,
              "state": "failed",
              "speed": null,
              "pass": false,
              "fail": true,
              "pending": false,
              "context": null,
              "code": "cy.disableCookiewall('.kindertelefoon.nl');\ncy.visit(route);\ncy.injectAxe();\ncy.checkAccessibility(A11Y_OPTIONS);",
              "err": {
                "message": "AssertionError: 8 accessibility violations were detected: expected 8 to equal 0",
                "estack": "AssertionError: 8 accessibility violations were detected: expected 8 to equal 0\n    at Context.eval (https://www.kindertelefoon.nl/__cypress/tests?p=cypress/support/index.js:231:443712)",
                "diff": null
              },
              "uuid": "5ad28078-cf7d-4ec0-b495-1c88ad62b05c",
              "parentUUID": "40762003-1f29-4ddf-8711-66832b598bff",
              "isHook": false,
              "skipped": false
            }
          ],
          "suites": [],
          "passes": [],
          "failures": [
            "5ad28078-cf7d-4ec0-b495-1c88ad62b05c"
          ],
          "pending": [],
          "skipped": [],
          "duration": 2975,
          "root": false,
          "rootEmpty": false,
          "_timeout": 2000
        }
      ],
      "passes": [],
      "failures": [],
      "pending": [],
      "skipped": [],
      "duration": 0,
      "root": true,
      "rootEmpty": true,
      "_timeout": 2000
    }
  ],
  "meta": {
    "mocha": {
      "version": "7.0.1"
    },
    "mochawesome": {
      "options": {
        "quiet": false,
        "reportFilename": "mochawesome",
        "saveHtml": false,
        "saveJson": true,
        "consoleReporter": "spec",
        "useInlineDiffs": false,
        "code": true
      },
      "version": "6.1.1"
    },
    "marge": {
      "options": {
        "id": "default",
        "reportDir": "cypress/results/json",
        "overwrite": true,
        "html": false,
        "json": true,
        "timestamp": "mmddyyyy_HHMMss"
      },
      "version": "5.1.0"
    }
  }
}