{
  "stats": {
    "suites": 1,
    "tests": 2,
    "passes": 1,
    "pending": 0,
    "failures": 1,
    "start": "2020-10-23T22:23:14.251Z",
    "end": "2020-10-23T22:23:19.421Z",
    "duration": 5170,
    "testsRegistered": 2,
    "passPercent": 50,
    "pendingPercent": 0,
    "other": 0,
    "hasOther": false,
    "skipped": 0,
    "hasSkipped": false
  },
  "results": [
    {
      "uuid": "26e4fdf1-b544-4a3d-b4da-20950f9bc359",
      "title": "",
      "fullFile": "cypress/integration/examples/AccessibilityChatPage_wcag2a.js",
      "file": "cypress/integration/examples/AccessibilityChatPage_wcag2a.js",
      "beforeHooks": [],
      "afterHooks": [],
      "tests": [],
      "suites": [
        {
          "uuid": "1ee130bb-86e4-44bc-8f00-ea326c51cff1",
          "title": "Component accessibility test ChatPage wcag2a",
          "fullFile": "",
          "file": "",
          "beforeHooks": [],
          "afterHooks": [],
          "tests": [
            {
              "title": "NavBarWrapper",
              "fullTitle": "Component accessibility test ChatPage wcag2a NavBarWrapper",
              "timedOut": null,
              "duration": 2354,
              "state": "passed",
              "speed": "slow",
              "pass": true,
              "fail": false,
              "pending": false,
              "context": null,
              "code": "cy.disableCookiewall('.kindertelefoon.nl');\ncy.visit(route);\ncy.injectAxe();\ncy.get('.navbar-wrapper').each(function (element, index) {\n  cy.checkA11y('.navbar-wrapper', {\n    runOnly: {\n      type: 'tag',\n      values: ['wcag2a']\n    }\n  }, terminalLog);\n});",
              "err": {},
              "uuid": "50d68fca-f9e5-41b2-a60d-9cc3a72cb9f5",
              "parentUUID": "1ee130bb-86e4-44bc-8f00-ea326c51cff1",
              "isHook": false,
              "skipped": false
            },
            {
              "title": "ModuleWappers",
              "fullTitle": "Component accessibility test ChatPage wcag2a ModuleWappers",
              "timedOut": null,
              "duration": 2125,
              "state": "failed",
              "speed": null,
              "pass": false,
              "fail": true,
              "pending": false,
              "context": null,
              "code": "cy.disableCookiewall('.kindertelefoon.nl');\ncy.visit(route);\ncy.injectAxe();\ncy.get('.module-wrapper').each(function (element, index) {\n  cy.checkA11y('.module-wrapper', {\n    runOnly: {\n      type: 'tag',\n      values: ['wcag2a']\n    }\n  }, terminalLog);\n});",
              "err": {
                "message": "AssertionError: 1 accessibility violation was detected: expected 1 to equal 0",
                "estack": "AssertionError: 1 accessibility violation was detected: expected 1 to equal 0\n    at Context.eval (https://www.kindertelefoon.nl/__cypress/tests?p=cypress/support/index.js:75:443712)",
                "diff": null
              },
              "uuid": "3f45bfa1-872d-4c9d-a60d-6629293beea5",
              "parentUUID": "1ee130bb-86e4-44bc-8f00-ea326c51cff1",
              "isHook": false,
              "skipped": false
            }
          ],
          "suites": [],
          "passes": [
            "50d68fca-f9e5-41b2-a60d-9cc3a72cb9f5"
          ],
          "failures": [
            "3f45bfa1-872d-4c9d-a60d-6629293beea5"
          ],
          "pending": [],
          "skipped": [],
          "duration": 4479,
          "root": false,
          "rootEmpty": false,
          "_timeout": 2000
        }
      ],
      "passes": [],
      "failures": [],
      "pending": [],
      "skipped": [],
      "duration": 0,
      "root": true,
      "rootEmpty": true,
      "_timeout": 2000
    }
  ],
  "meta": {
    "mocha": {
      "version": "7.0.1"
    },
    "mochawesome": {
      "options": {
        "quiet": false,
        "reportFilename": "mochawesome",
        "saveHtml": false,
        "saveJson": true,
        "consoleReporter": "spec",
        "useInlineDiffs": false,
        "code": true
      },
      "version": "6.1.1"
    },
    "marge": {
      "options": {
        "id": "default",
        "reportDir": "cypress/results/json",
        "overwrite": true,
        "html": false,
        "json": true,
        "timestamp": "mmddyyyy_HHMMss"
      },
      "version": "5.1.0"
    }
  }
}