{
  "stats": {
    "suites": 1,
    "tests": 2,
    "passes": 1,
    "pending": 0,
    "failures": 1,
    "start": "2020-10-23T22:23:36.573Z",
    "end": "2020-10-23T22:23:43.677Z",
    "duration": 7104,
    "testsRegistered": 2,
    "passPercent": 50,
    "pendingPercent": 0,
    "other": 0,
    "hasOther": false,
    "skipped": 0,
    "hasSkipped": false
  },
  "results": [
    {
      "uuid": "c365b024-e427-4d4b-84f3-b9ebba84b9d6",
      "title": "",
      "fullFile": "cypress/integration/examples/AccessibilityForumPage_wcag2aa.js",
      "file": "cypress/integration/examples/AccessibilityForumPage_wcag2aa.js",
      "beforeHooks": [],
      "afterHooks": [],
      "tests": [],
      "suites": [
        {
          "uuid": "a5b43e1f-5a3e-4956-8283-6a2cc696787d",
          "title": "Component accessibility test ForumPage wcag2aa",
          "fullFile": "",
          "file": "",
          "beforeHooks": [],
          "afterHooks": [],
          "tests": [
            {
              "title": "NavBarWrapper",
              "fullTitle": "Component accessibility test ForumPage wcag2aa NavBarWrapper",
              "timedOut": null,
              "duration": 1768,
              "state": "passed",
              "speed": "slow",
              "pass": true,
              "fail": false,
              "pending": false,
              "context": null,
              "code": "cy.disableCookiewall('.kindertelefoon.nl');\ncy.visit(route);\ncy.injectAxe();\ncy.get('.navbar-wrapper').each(function (element, index) {\n  cy.checkA11y('.navbar-wrapper', {\n    runOnly: {\n      type: 'tag',\n      values: ['wcag2aa']\n    }\n  }, terminalLog);\n});",
              "err": {},
              "uuid": "6f7ace4f-bfd6-4549-9e84-a3643c732ae5",
              "parentUUID": "a5b43e1f-5a3e-4956-8283-6a2cc696787d",
              "isHook": false,
              "skipped": false
            },
            {
              "title": "ModuleWappers",
              "fullTitle": "Component accessibility test ForumPage wcag2aa ModuleWappers",
              "timedOut": null,
              "duration": 5239,
              "state": "failed",
              "speed": null,
              "pass": false,
              "fail": true,
              "pending": false,
              "context": null,
              "code": "cy.disableCookiewall('.kindertelefoon.nl');\ncy.visit(route);\ncy.injectAxe();\ncy.get('.module-wrapper').each(function (element, index) {\n  cy.checkA11y('.module-wrapper', {\n    runOnly: {\n      type: 'tag',\n      values: ['wcag2aa']\n    }\n  }, terminalLog);\n});",
              "err": {
                "message": "AssertionError: Timed out retrying: Expected to find element: `.module-wrapper`, but never found it.",
                "estack": "AssertionError: Timed out retrying: Expected to find element: `.module-wrapper`, but never found it.\n    at Context.eval (https://www.kindertelefoon.nl/__cypress/tests?p=cypress/integration/examples/AccessibilityForumPage_wcag2aa.js:44:10)",
                "diff": null
              },
              "uuid": "4307ddff-403f-493b-a451-ed8f24fd14a2",
              "parentUUID": "a5b43e1f-5a3e-4956-8283-6a2cc696787d",
              "isHook": false,
              "skipped": false
            }
          ],
          "suites": [],
          "passes": [
            "6f7ace4f-bfd6-4549-9e84-a3643c732ae5"
          ],
          "failures": [
            "4307ddff-403f-493b-a451-ed8f24fd14a2"
          ],
          "pending": [],
          "skipped": [],
          "duration": 7007,
          "root": false,
          "rootEmpty": false,
          "_timeout": 2000
        }
      ],
      "passes": [],
      "failures": [],
      "pending": [],
      "skipped": [],
      "duration": 0,
      "root": true,
      "rootEmpty": true,
      "_timeout": 2000
    }
  ],
  "meta": {
    "mocha": {
      "version": "7.0.1"
    },
    "mochawesome": {
      "options": {
        "quiet": false,
        "reportFilename": "mochawesome",
        "saveHtml": false,
        "saveJson": true,
        "consoleReporter": "spec",
        "useInlineDiffs": false,
        "code": true
      },
      "version": "6.1.1"
    },
    "marge": {
      "options": {
        "id": "default",
        "reportDir": "cypress/results/json",
        "overwrite": true,
        "html": false,
        "json": true,
        "timestamp": "mmddyyyy_HHMMss"
      },
      "version": "5.1.0"
    }
  }
}