{
  "stats": {
    "suites": 1,
    "tests": 1,
    "passes": 1,
    "pending": 0,
    "failures": 0,
    "start": "2020-10-25T13:15:22.086Z",
    "end": "2020-10-25T13:15:24.785Z",
    "duration": 2699,
    "testsRegistered": 1,
    "passPercent": 100,
    "pendingPercent": 0,
    "other": 0,
    "hasOther": false,
    "skipped": 0,
    "hasSkipped": false
  },
  "results": [
    {
      "uuid": "31fdd4b6-922d-4c6a-9add-cf55263030e9",
      "title": "",
      "fullFile": "cypress/integration/examples/AccessibilityHomePageNavBar_wcag2a.js",
      "file": "cypress/integration/examples/AccessibilityHomePageNavBar_wcag2a.js",
      "beforeHooks": [],
      "afterHooks": [],
      "tests": [],
      "suites": [
        {
          "uuid": "3216f18f-c147-4d94-a922-9ef55223a745",
          "title": "Component accessibility test HomePage NavBar wcag2a",
          "fullFile": "",
          "file": "",
          "beforeHooks": [],
          "afterHooks": [],
          "tests": [
            {
              "title": "HomePage",
              "fullTitle": "Component accessibility test HomePage NavBar wcag2a HomePage",
              "timedOut": null,
              "duration": 2667,
              "state": "passed",
              "speed": "slow",
              "pass": true,
              "fail": false,
              "pending": false,
              "context": null,
              "code": "cy.disableCookiewall('.kindertelefoon.nl');\ncy.visit(route);\ncy.injectAxe();\ncy.get('.navbar-wrapper').each(function (element, index) {\n  cy.checkA11y('.navbar-wrapper', A11Y_OPTIONS);\n});",
              "err": {},
              "uuid": "e61326d9-e383-40cd-b79b-c7b1464d6e54",
              "parentUUID": "3216f18f-c147-4d94-a922-9ef55223a745",
              "isHook": false,
              "skipped": false
            }
          ],
          "suites": [],
          "passes": [
            "e61326d9-e383-40cd-b79b-c7b1464d6e54"
          ],
          "failures": [],
          "pending": [],
          "skipped": [],
          "duration": 2667,
          "root": false,
          "rootEmpty": false,
          "_timeout": 2000
        }
      ],
      "passes": [],
      "failures": [],
      "pending": [],
      "skipped": [],
      "duration": 0,
      "root": true,
      "rootEmpty": true,
      "_timeout": 2000
    }
  ],
  "meta": {
    "mocha": {
      "version": "7.0.1"
    },
    "mochawesome": {
      "options": {
        "quiet": false,
        "reportFilename": "mochawesome",
        "saveHtml": false,
        "saveJson": true,
        "consoleReporter": "spec",
        "useInlineDiffs": false,
        "code": true
      },
      "version": "6.1.1"
    },
    "marge": {
      "options": {
        "id": "default",
        "reportDir": "cypress/results/json",
        "overwrite": true,
        "html": false,
        "json": true,
        "timestamp": "mmddyyyy_HHMMss"
      },
      "version": "5.1.0"
    }
  }
}