{
  "stats": {
    "suites": 1,
    "tests": 2,
    "passes": 1,
    "pending": 0,
    "failures": 1,
    "start": "2020-10-23T22:23:27.649Z",
    "end": "2020-10-23T22:23:34.693Z",
    "duration": 7044,
    "testsRegistered": 2,
    "passPercent": 50,
    "pendingPercent": 0,
    "other": 0,
    "hasOther": false,
    "skipped": 0,
    "hasSkipped": false
  },
  "results": [
    {
      "uuid": "d931a7a5-ed75-438d-abfe-0cb88ec3f77b",
      "title": "",
      "fullFile": "cypress/integration/examples/AccessibilityForumPage_wcag2a.js",
      "file": "cypress/integration/examples/AccessibilityForumPage_wcag2a.js",
      "beforeHooks": [],
      "afterHooks": [],
      "tests": [],
      "suites": [
        {
          "uuid": "00c2619c-d2e2-42f7-8dc7-5c09fc2b795e",
          "title": "Component accessibility test ForumPage wcag2a",
          "fullFile": "",
          "file": "",
          "beforeHooks": [],
          "afterHooks": [],
          "tests": [
            {
              "title": "NavBarWrapper",
              "fullTitle": "Component accessibility test ForumPage wcag2a NavBarWrapper",
              "timedOut": null,
              "duration": 1748,
              "state": "passed",
              "speed": "slow",
              "pass": true,
              "fail": false,
              "pending": false,
              "context": null,
              "code": "cy.disableCookiewall('.kindertelefoon.nl');\ncy.visit(route);\ncy.injectAxe();\ncy.get('.navbar-wrapper').each(function (element, index) {\n  cy.checkA11y('.navbar-wrapper', {\n    runOnly: {\n      type: 'tag',\n      values: ['wcag2a']\n    }\n  }, terminalLog);\n});",
              "err": {},
              "uuid": "fa1627bf-515f-4828-b48f-375575ab1558",
              "parentUUID": "00c2619c-d2e2-42f7-8dc7-5c09fc2b795e",
              "isHook": false,
              "skipped": false
            },
            {
              "title": "ModuleWappers",
              "fullTitle": "Component accessibility test ForumPage wcag2a ModuleWappers",
              "timedOut": null,
              "duration": 5199,
              "state": "failed",
              "speed": null,
              "pass": false,
              "fail": true,
              "pending": false,
              "context": null,
              "code": "cy.disableCookiewall('.kindertelefoon.nl');\ncy.visit(route);\ncy.injectAxe();\ncy.get('.module-wrapper').each(function (element, index) {\n  cy.checkA11y('.module-wrapper', {\n    runOnly: {\n      type: 'tag',\n      values: ['wcag2a']\n    }\n  }, terminalLog);\n});",
              "err": {
                "message": "AssertionError: Timed out retrying: Expected to find element: `.module-wrapper`, but never found it.",
                "estack": "AssertionError: Timed out retrying: Expected to find element: `.module-wrapper`, but never found it.\n    at Context.eval (https://www.kindertelefoon.nl/__cypress/tests?p=cypress/integration/examples/AccessibilityForumPage_wcag2a.js:44:10)",
                "diff": null
              },
              "uuid": "2f2a73fd-1a41-40c9-9b2e-a0f7969ae41c",
              "parentUUID": "00c2619c-d2e2-42f7-8dc7-5c09fc2b795e",
              "isHook": false,
              "skipped": false
            }
          ],
          "suites": [],
          "passes": [
            "fa1627bf-515f-4828-b48f-375575ab1558"
          ],
          "failures": [
            "2f2a73fd-1a41-40c9-9b2e-a0f7969ae41c"
          ],
          "pending": [],
          "skipped": [],
          "duration": 6947,
          "root": false,
          "rootEmpty": false,
          "_timeout": 2000
        }
      ],
      "passes": [],
      "failures": [],
      "pending": [],
      "skipped": [],
      "duration": 0,
      "root": true,
      "rootEmpty": true,
      "_timeout": 2000
    }
  ],
  "meta": {
    "mocha": {
      "version": "7.0.1"
    },
    "mochawesome": {
      "options": {
        "quiet": false,
        "reportFilename": "mochawesome",
        "saveHtml": false,
        "saveJson": true,
        "consoleReporter": "spec",
        "useInlineDiffs": false,
        "code": true
      },
      "version": "6.1.1"
    },
    "marge": {
      "options": {
        "id": "default",
        "reportDir": "cypress/results/json",
        "overwrite": true,
        "html": false,
        "json": true,
        "timestamp": "mmddyyyy_HHMMss"
      },
      "version": "5.1.0"
    }
  }
}