{
  "stats": {
    "suites": 1,
    "tests": 2,
    "passes": 1,
    "pending": 0,
    "failures": 1,
    "start": "2020-10-23T22:23:45.611Z",
    "end": "2020-10-23T22:23:52.036Z",
    "duration": 6425,
    "testsRegistered": 2,
    "passPercent": 50,
    "pendingPercent": 0,
    "other": 0,
    "hasOther": false,
    "skipped": 0,
    "hasSkipped": false
  },
  "results": [
    {
      "uuid": "aa806f8d-e246-49a3-ab1b-a2be8ebb42ff",
      "title": "",
      "fullFile": "cypress/integration/examples/AccessibilityHomePage_wcag2a.js",
      "file": "cypress/integration/examples/AccessibilityHomePage_wcag2a.js",
      "beforeHooks": [],
      "afterHooks": [],
      "tests": [],
      "suites": [
        {
          "uuid": "65dd1c0a-42e4-421f-8315-0646f0aa483a",
          "title": "Component accessibility test HomePage wcag2a",
          "fullFile": "",
          "file": "",
          "beforeHooks": [],
          "afterHooks": [],
          "tests": [
            {
              "title": "NavBarWrapper",
              "fullTitle": "Component accessibility test HomePage wcag2a NavBarWrapper",
              "timedOut": null,
              "duration": 3045,
              "state": "passed",
              "speed": "slow",
              "pass": true,
              "fail": false,
              "pending": false,
              "context": null,
              "code": "cy.disableCookiewall('.kindertelefoon.nl');\ncy.visit(route);\ncy.injectAxe();\ncy.get('.navbar-wrapper').each(function (element, index) {\n  cy.checkA11y('.navbar-wrapper', {\n    runOnly: {\n      type: 'tag',\n      values: ['wcag2a']\n    }\n  }, terminalLog);\n});",
              "err": {},
              "uuid": "bfb95a8f-eeca-4ee7-a0da-d835a5dcf7e3",
              "parentUUID": "65dd1c0a-42e4-421f-8315-0646f0aa483a",
              "isHook": false,
              "skipped": false
            },
            {
              "title": "ModuleWappers",
              "fullTitle": "Component accessibility test HomePage wcag2a ModuleWappers",
              "timedOut": null,
              "duration": 2624,
              "state": "failed",
              "speed": null,
              "pass": false,
              "fail": true,
              "pending": false,
              "context": null,
              "code": "cy.disableCookiewall('.kindertelefoon.nl');\ncy.visit(route);\ncy.injectAxe();\ncy.get('.module-wrapper').each(function (element, index) {\n  cy.checkA11y('.module-wrapper', {\n    runOnly: {\n      type: 'tag',\n      values: ['wcag2a']\n    }\n  }, terminalLog);\n});",
              "err": {
                "message": "AssertionError: 1 accessibility violation was detected: expected 1 to equal 0",
                "estack": "AssertionError: 1 accessibility violation was detected: expected 1 to equal 0\n    at Context.eval (https://www.kindertelefoon.nl/__cypress/tests?p=cypress/support/index.js:75:443712)",
                "diff": null
              },
              "uuid": "023ab2d3-3d9c-4328-9693-cf3c8e611b49",
              "parentUUID": "65dd1c0a-42e4-421f-8315-0646f0aa483a",
              "isHook": false,
              "skipped": false
            }
          ],
          "suites": [],
          "passes": [
            "bfb95a8f-eeca-4ee7-a0da-d835a5dcf7e3"
          ],
          "failures": [
            "023ab2d3-3d9c-4328-9693-cf3c8e611b49"
          ],
          "pending": [],
          "skipped": [],
          "duration": 5669,
          "root": false,
          "rootEmpty": false,
          "_timeout": 2000
        }
      ],
      "passes": [],
      "failures": [],
      "pending": [],
      "skipped": [],
      "duration": 0,
      "root": true,
      "rootEmpty": true,
      "_timeout": 2000
    }
  ],
  "meta": {
    "mocha": {
      "version": "7.0.1"
    },
    "mochawesome": {
      "options": {
        "quiet": false,
        "reportFilename": "mochawesome",
        "saveHtml": false,
        "saveJson": true,
        "consoleReporter": "spec",
        "useInlineDiffs": false,
        "code": true
      },
      "version": "6.1.1"
    },
    "marge": {
      "options": {
        "id": "default",
        "reportDir": "cypress/results/json",
        "overwrite": true,
        "html": false,
        "json": true,
        "timestamp": "mmddyyyy_HHMMss"
      },
      "version": "5.1.0"
    }
  }
}