{
  "stats": {
    "suites": 1,
    "tests": 2,
    "passes": 1,
    "pending": 0,
    "failures": 1,
    "start": "2020-10-23T21:30:52.576Z",
    "end": "2020-10-23T21:30:57.930Z",
    "duration": 5354,
    "testsRegistered": 2,
    "passPercent": 50,
    "pendingPercent": 0,
    "other": 0,
    "hasOther": false,
    "skipped": 0,
    "hasSkipped": false
  },
  "results": [
    {
      "uuid": "bdf9d419-9b3e-4b00-b0be-cfad29cd2640",
      "title": "",
      "fullFile": "cypress/integration/examples/AccessibilityHomePage_wcag2aa.js",
      "file": "cypress/integration/examples/AccessibilityHomePage_wcag2aa.js",
      "beforeHooks": [],
      "afterHooks": [],
      "tests": [],
      "suites": [
        {
          "uuid": "6a5cd923-c3de-4755-9433-7f0d9d40f783",
          "title": "Component accessibility test wcag2a",
          "fullFile": "",
          "file": "",
          "beforeHooks": [],
          "afterHooks": [],
          "tests": [
            {
              "title": "NavBarWrapper",
              "fullTitle": "Component accessibility test wcag2a NavBarWrapper",
              "timedOut": null,
              "duration": 2741,
              "state": "passed",
              "speed": "slow",
              "pass": true,
              "fail": false,
              "pending": false,
              "context": null,
              "code": "cy.visit(route);\ncy.injectAxe();\ncy.get('.navbar-wrapper').each(function (element, index) {\n  cy.checkA11y('.navbar-wrapper', {\n    runOnly: {\n      type: 'tag',\n      values: ['wcag2a']\n    }\n  }, terminalLog);\n});",
              "err": {},
              "uuid": "a7eb0c52-a03f-4b4f-8c60-65ab4e614ffb",
              "parentUUID": "6a5cd923-c3de-4755-9433-7f0d9d40f783",
              "isHook": false,
              "skipped": false
            },
            {
              "title": "ModuleWappers",
              "fullTitle": "Component accessibility test wcag2a ModuleWappers",
              "timedOut": null,
              "duration": 2497,
              "state": "failed",
              "speed": null,
              "pass": false,
              "fail": true,
              "pending": false,
              "context": null,
              "code": "cy.visit(route);\ncy.injectAxe();\ncy.get('.module-wrapper').each(function (element, index) {\n  cy.checkA11y('.module-wrapper', {\n    runOnly: {\n      type: 'tag',\n      values: ['wcag2a']\n    }\n  }, terminalLog);\n});",
              "err": {
                "message": "CypressError: `cy.task('log')` failed with the following error:\n\nThe 'task' event has not been registered in the plugins file. You must register it before using cy.task()\n\nFix this in your plugins file here:\n/Users/fatihtopcuoglu/Projects/cypressFatihKinderTelefoon/cypress/plugins/index.js\n\nhttps://on.cypress.io/api/task",
                "estack": "CypressError: `cy.task('log')` failed with the following error:\n\nThe 'task' event has not been registered in the plugins file. You must register it before using cy.task()\n\nFix this in your plugins file here:\n/Users/fatihtopcuoglu/Projects/cypressFatihKinderTelefoon/cypress/plugins/index.js\n\nhttps://on.cypress.io/api/task\n    at https://www.kindertelefoon.nl/__cypress/runner/cypress_runner.js:153877:21\n    at tryCatcher (https://www.kindertelefoon.nl/__cypress/runner/cypress_runner.js:10161:23)\n    at Promise._settlePromiseFromHandler (https://www.kindertelefoon.nl/__cypress/runner/cypress_runner.js:8096:31)\n    at Promise._settlePromise (https://www.kindertelefoon.nl/__cypress/runner/cypress_runner.js:8153:18)\n    at Promise._settlePromise0 (https://www.kindertelefoon.nl/__cypress/runner/cypress_runner.js:8198:10)\n    at Promise._settlePromises (https://www.kindertelefoon.nl/__cypress/runner/cypress_runner.js:8274:18)\n    at _drainQueueStep (https://www.kindertelefoon.nl/__cypress/runner/cypress_runner.js:4868:12)\n    at _drainQueue (https://www.kindertelefoon.nl/__cypress/runner/cypress_runner.js:4861:9)\n    at Async.../../node_modules/bluebird/js/release/async.js.Async._drainQueues (https://www.kindertelefoon.nl/__cypress/runner/cypress_runner.js:4877:5)\n    at Async.drainQueues (https://www.kindertelefoon.nl/__cypress/runner/cypress_runner.js:4747:14)\nFrom Your Spec Code:\n    at terminalLog (https://www.kindertelefoon.nl/__cypress/tests?p=cypress/integration/examples/AccessibilityHomePage_wcag2aa.js:5:6)\n    at Context.eval (https://www.kindertelefoon.nl/__cypress/tests?p=cypress/support/index.js:88:443173)",
                "diff": null
              },
              "uuid": "1524fcbf-ddd5-43af-a8ca-32b75fddde3d",
              "parentUUID": "6a5cd923-c3de-4755-9433-7f0d9d40f783",
              "isHook": false,
              "skipped": false
            }
          ],
          "suites": [],
          "passes": [
            "a7eb0c52-a03f-4b4f-8c60-65ab4e614ffb"
          ],
          "failures": [
            "1524fcbf-ddd5-43af-a8ca-32b75fddde3d"
          ],
          "pending": [],
          "skipped": [],
          "duration": 5238,
          "root": false,
          "rootEmpty": false,
          "_timeout": 2000
        }
      ],
      "passes": [],
      "failures": [],
      "pending": [],
      "skipped": [],
      "duration": 0,
      "root": true,
      "rootEmpty": true,
      "_timeout": 2000
    }
  ],
  "meta": {
    "mocha": {
      "version": "7.0.1"
    },
    "mochawesome": {
      "options": {
        "quiet": false,
        "reportFilename": "mochawesome",
        "saveHtml": false,
        "saveJson": true,
        "consoleReporter": "spec",
        "useInlineDiffs": false,
        "code": true
      },
      "version": "6.1.1"
    },
    "marge": {
      "options": {
        "id": "default",
        "reportDir": "cypress/results/json",
        "overwrite": true,
        "html": false,
        "json": true,
        "timestamp": "mmddyyyy_HHMMss"
      },
      "version": "5.1.0"
    }
  }
}